{
    "meta": {
        "version": "6.1.1",
        "timestamp": "2021-11-02T16:16:02.284437",
        "branch_coverage": false,
        "show_contexts": false
    },
    "files": {
        "hello_world.py": {
            "executed_lines": [
                1,
                3
            ],
            "summary": {
                "covered_lines": 2,
                "num_statements": 3,
                "percent_covered": 66.66666666666667,
                "percent_covered_display": "67",
                "missing_lines": 1,
                "excluded_lines": 0
            },
            "missing_lines": [
                4
            ],
            "excluded_lines": []
        },
        "tests/test_hello_world.py": {
            "executed_lines": [
                1,
                2,
                4
            ],
            "summary": {
                "covered_lines": 3,
                "num_statements": 3,
                "percent_covered": 100.0,
                "percent_covered_display": "100",
                "missing_lines": 0,
                "excluded_lines": 0
            },
            "missing_lines": [],
            "excluded_lines": []
        }
    },
    "totals": {
        "covered_lines": 5,
        "num_statements": 6,
        "percent_covered": 83.33333333333333,
        "percent_covered_display": "83",
        "missing_lines": 1,
        "excluded_lines": 0
    }
}